<?xml version="1.0" encoding="UTF-8"?>
<testng-results ignored="0" total="1" passed="1" failed="0" skipped="0">
  <reporter-output>
  </reporter-output>
  <suite started-at="2023-10-26T18:54:55 IST" name="Default suite" finished-at="2023-10-26T18:55:41 IST" duration-ms="46670">
    <groups>
    </groups>
    <test started-at="2023-10-26T18:54:55 IST" name="Default test" finished-at="2023-10-26T18:55:41 IST" duration-ms="46670">
      <class name="com.testcases.SubCategoriesTestCases">
        <test-method is-config="true" signature="Setup()[pri:0, instance:com.testcases.SubCategoriesTestCases@7c7b252e]" started-at="2023-10-26T18:54:55 IST" name="Setup" finished-at="2023-10-26T18:55:03 IST" duration-ms="8407" status="PASS">
          <reporter-output>
          </reporter-output>
        </test-method> <!-- Setup -->
        <test-method signature="SubCategoriesFunctionalityValidation()[pri:0, instance:com.testcases.SubCategoriesTestCases@7c7b252e]" started-at="2023-10-26T18:55:03 IST" name="SubCategoriesFunctionalityValidation" finished-at="2023-10-26T18:55:41 IST" duration-ms="38158" status="PASS">
          <reporter-output>
          </reporter-output>
        </test-method> <!-- SubCategoriesFunctionalityValidation -->
      </class> <!-- com.testcases.SubCategoriesTestCases -->
    </test> <!-- Default test -->
  </suite> <!-- Default suite -->
</testng-results>
