<?xml version="1.0" encoding="UTF-8"?>
<testng-results ignored="0" total="2" passed="2" failed="0" skipped="0">
  <reporter-output>
  </reporter-output>
  <suite started-at="2023-10-31T17:38:48 IST" name="Default suite" finished-at="2023-10-31T17:39:24 IST" duration-ms="35484">
    <groups>
    </groups>
    <test started-at="2023-10-31T17:38:48 IST" name="Default test" finished-at="2023-10-31T17:39:24 IST" duration-ms="35484">
      <class name="com.testcases.ShiftTestCases">
        <test-method is-config="true" signature="setup()[pri:0, instance:com.testcases.ShiftTestCases@28701274]" started-at="2023-10-31T17:38:48 IST" name="setup" finished-at="2023-10-31T17:38:54 IST" duration-ms="5884" status="PASS">
          <reporter-output>
          </reporter-output>
        </test-method> <!-- setup -->
        <test-method signature="addShift()[pri:1, instance:com.testcases.ShiftTestCases@28701274]" started-at="2023-10-31T17:38:54 IST" name="addShift" finished-at="2023-10-31T17:39:14 IST" duration-ms="19984" status="PASS">
          <reporter-output>
          </reporter-output>
        </test-method> <!-- addShift -->
        <test-method signature="DeleteShift()[pri:2, instance:com.testcases.ShiftTestCases@28701274]" started-at="2023-10-31T17:39:14 IST" name="DeleteShift" finished-at="2023-10-31T17:39:24 IST" duration-ms="9438" status="PASS">
          <reporter-output>
          </reporter-output>
        </test-method> <!-- DeleteShift -->
      </class> <!-- com.testcases.ShiftTestCases -->
    </test> <!-- Default test -->
  </suite> <!-- Default suite -->
</testng-results>
